<?xml version="1.0" encoding="UTF-8"?>
<!-- Generated by org.testng.reporters.JUnitXMLReporter -->
<testsuite ignored="0" hostname="Reema" failures="2" tests="4" name="PushNotificationTest Testing" time="22.84" errors="0" timestamp="2024-03-12T05:54:56 GST">
  <testcase classname="com.sevenrmartsupermarket.tests.PushNotificationsTest" name="printExcelData" time="0.795"/>
  <testcase classname="com.sevenrmartsupermarket.tests.PushNotificationsTest" name="verifyPushNotifications" time="0.069">
    <failure type="java.lang.IllegalArgumentException" message="Keys to send should be a not null CharSequence">
      <![CDATA[java.lang.IllegalArgumentException: Keys to send should be a not null CharSequence
at org.openqa.selenium.remote.RemoteWebElement.sendKeys(RemoteWebElement.java:98)
at org.openqa.selenium.support.pagefactory.internal.LocatingElementHandler.invoke(LocatingElementHandler.java:52)
at jdk.proxy2/jdk.proxy2.$Proxy17.sendKeys(Unknown Source)
at com.sevenrmartsupermarket.pages.LoginPage.enterUserName(LoginPage.java:42)
at com.sevenrmartsupermarket.pages.LoginPage.login(LoginPage.java:54)
at com.sevenrmartsupermarket.pages.LoginPage.logIn(LoginPage.java:63)
at com.sevenrmartsupermarket.tests.PushNotificationsTest.verifyPushNotifications(PushNotificationsTest.java:39)
at java.base/java.util.ArrayList.forEach(ArrayList.java:1511)
at java.base/java.util.concurrent.FutureTask.run(FutureTask.java:264)
at java.base/java.util.concurrent.ThreadPoolExecutor.runWorker(ThreadPoolExecutor.java:1136)
at java.base/java.util.concurrent.ThreadPoolExecutor$Worker.run(ThreadPoolExecutor.java:635)
at java.base/java.lang.Thread.run(Thread.java:840)
... Removed 21 stack frames]]>
    </failure>
  </testcase> <!-- verifyPushNotifications -->
  <testcase classname="com.sevenrmartsupermarket.tests.PushNotificationsTest" name="verifyResetButtonFunctionality" time="0.069">
    <failure type="java.lang.IllegalArgumentException" message="Keys to send should be a not null CharSequence">
      <![CDATA[java.lang.IllegalArgumentException: Keys to send should be a not null CharSequence
at org.openqa.selenium.remote.RemoteWebElement.sendKeys(RemoteWebElement.java:98)
at org.openqa.selenium.support.pagefactory.internal.LocatingElementHandler.invoke(LocatingElementHandler.java:52)
at jdk.proxy2/jdk.proxy2.$Proxy17.sendKeys(Unknown Source)
at com.sevenrmartsupermarket.pages.LoginPage.enterUserName(LoginPage.java:42)
at com.sevenrmartsupermarket.pages.LoginPage.login(LoginPage.java:54)
at com.sevenrmartsupermarket.pages.LoginPage.logIn(LoginPage.java:63)
at com.sevenrmartsupermarket.tests.PushNotificationsTest.verifyResetButtonFunctionality(PushNotificationsTest.java:55)
at java.base/java.util.ArrayList.forEach(ArrayList.java:1511)
at java.base/java.util.concurrent.FutureTask.run(FutureTask.java:264)
at java.base/java.util.concurrent.ThreadPoolExecutor.runWorker(ThreadPoolExecutor.java:1136)
at java.base/java.util.concurrent.ThreadPoolExecutor$Worker.run(ThreadPoolExecutor.java:635)
at java.base/java.lang.Thread.run(Thread.java:840)
... Removed 21 stack frames]]>
    </failure>
  </testcase> <!-- verifyResetButtonFunctionality -->
  <testcase classname="com.sevenrmartsupermarket.tests.PushNotificationsTest" name="verifyenterNotifications" time="4.024"/>
</testsuite> <!-- PushNotificationTest Testing -->
